<?xml version="1.0" encoding="UTF-8"?>
<!-- Generated by org.testng.reporters.JUnitXMLReporter -->
<testsuite ignored="0" hostname="MSI" failures="0" tests="3" name="Test" time="33.903" errors="0" timestamp="2025-03-09T05:53:15 IST">
  <testcase classname="testCases.TC003_LoginDDT" name="verify_loginDDT" time="3.69"/>
  <testcase classname="testCases.TC003_LoginDDT" name="verify_loginDDT" time="11.658"/>
  <testcase classname="testCases.TC003_LoginDDT" name="verify_loginDDT" time="11.494"/>
</testsuite> <!-- Test -->
