<?xml version="1.0" encoding="UTF-8"?>
<!-- Generated by org.testng.reporters.JUnitXMLReporter -->
<testsuite ignored="0" hostname="MSI" failures="0" tests="3" name="Test" time="39.416" errors="0" timestamp="2025-03-10T00:52:50 IST">
  <testcase classname="testCases.TC003_LoginDDT" name="verify_loginDDT" time="3.895"/>
  <testcase classname="testCases.TC003_LoginDDT" name="verify_loginDDT" time="11.879"/>
  <testcase classname="testCases.TC003_LoginDDT" name="verify_loginDDT" time="11.917"/>
</testsuite> <!-- Test -->
