<?xml version="1.0" encoding="UTF-8"?>
<testng-results ignored="0" total="3" passed="3" failed="0" skipped="0">
  <reporter-output>
  </reporter-output>
  <suite started-at="2025-03-09T05:52:40 IST" name="Master Suite" finished-at="2025-03-09T05:53:14 IST" duration-ms="33903">
    <groups>
      <group name="Datadriven">
        <method signature="TC003_LoginDDT.verify_loginDDT(java.lang.String,java.lang.String,java.lang.String)[pri:0, instance:testCases.TC003_LoginDDT@2c07545f]" name="verify_loginDDT" class="testCases.TC003_LoginDDT"/>
      </group> <!-- Datadriven -->
    </groups>
    <test started-at="2025-03-09T05:52:40 IST" name="Test" finished-at="2025-03-09T05:53:14 IST" duration-ms="33903">
      <class name="testCases.TC003_LoginDDT">
        <test-method is-config="true" signature="setup(java.lang.String,java.lang.String)[pri:0, instance:testCases.TC003_LoginDDT@2c07545f]" started-at="2025-03-09T05:52:40 IST" name="setup" finished-at="2025-03-09T05:52:45 IST" duration-ms="4855" status="PASS">
          <params>
            <param index="0">
              <value>
                <![CDATA[windows]]>
              </value>
            </param>
            <param index="1">
              <value>
                <![CDATA[edge]]>
              </value>
            </param>
          </params>
          <reporter-output>
          </reporter-output>
        </test-method> <!-- setup -->
        <test-method signature="verify_loginDDT(java.lang.String,java.lang.String,java.lang.String)[pri:0, instance:testCases.TC003_LoginDDT@2c07545f]" started-at="2025-03-09T05:52:46 IST" name="verify_loginDDT" data-provider="LoginData" finished-at="2025-03-09T05:52:50 IST" duration-ms="3690" status="PASS">
          <params>
            <param index="0">
              <value>
                <![CDATA[trisha21@gmail.com]]>
              </value>
            </param>
            <param index="1">
              <value>
                <![CDATA[Trisha@123]]>
              </value>
            </param>
            <param index="2">
              <value>
                <![CDATA[Valid]]>
              </value>
            </param>
          </params>
          <reporter-output>
          </reporter-output>
        </test-method> <!-- verify_loginDDT -->
        <test-method signature="verify_loginDDT(java.lang.String,java.lang.String,java.lang.String)[pri:0, instance:testCases.TC003_LoginDDT@2c07545f]" started-at="2025-03-09T05:52:50 IST" name="verify_loginDDT" data-provider="LoginData" finished-at="2025-03-09T05:53:01 IST" duration-ms="11658" status="PASS">
          <params>
            <param index="0">
              <value>
                <![CDATA[geree@gmail.com]]>
              </value>
            </param>
            <param index="1">
              <value>
                <![CDATA[tegdte@123]]>
              </value>
            </param>
            <param index="2">
              <value>
                <![CDATA[Invalid]]>
              </value>
            </param>
          </params>
          <reporter-output>
          </reporter-output>
        </test-method> <!-- verify_loginDDT -->
        <test-method signature="verify_loginDDT(java.lang.String,java.lang.String,java.lang.String)[pri:0, instance:testCases.TC003_LoginDDT@2c07545f]" started-at="2025-03-09T05:53:01 IST" name="verify_loginDDT" data-provider="LoginData" finished-at="2025-03-09T05:53:13 IST" duration-ms="11494" status="PASS">
          <params>
            <param index="0">
              <value>
                <![CDATA[bretdre@Gmail.com]]>
              </value>
            </param>
            <param index="1">
              <value>
                <![CDATA[mmefdte@123]]>
              </value>
            </param>
            <param index="2">
              <value>
                <![CDATA[Invalid]]>
              </value>
            </param>
          </params>
          <reporter-output>
          </reporter-output>
        </test-method> <!-- verify_loginDDT -->
        <test-method is-config="true" signature="tearDown()[pri:0, instance:testCases.TC003_LoginDDT@2c07545f]" started-at="2025-03-09T05:53:13 IST" name="tearDown" finished-at="2025-03-09T05:53:14 IST" duration-ms="1314" status="PASS">
          <reporter-output>
          </reporter-output>
        </test-method> <!-- tearDown -->
      </class> <!-- testCases.TC003_LoginDDT -->
    </test> <!-- Test -->
  </suite> <!-- Master Suite -->
</testng-results>
