<?xml version="1.0" encoding="UTF-8"?>
<testng-results ignored="0" total="3" passed="3" failed="0" skipped="0">
  <reporter-output>
  </reporter-output>
  <suite started-at="2025-03-10T00:52:09 IST" name="Master Suite" finished-at="2025-03-10T00:52:49 IST" duration-ms="39416">
    <groups>
      <group name="Datadriven">
        <method signature="TC003_LoginDDT.verify_loginDDT(java.lang.String,java.lang.String,java.lang.String)[pri:0, instance:testCases.TC003_LoginDDT@48e92c5c]" name="verify_loginDDT" class="testCases.TC003_LoginDDT"/>
      </group> <!-- Datadriven -->
    </groups>
    <test started-at="2025-03-10T00:52:09 IST" name="Test" finished-at="2025-03-10T00:52:49 IST" duration-ms="39416">
      <class name="testCases.TC003_LoginDDT">
        <test-method is-config="true" signature="setup(java.lang.String,java.lang.String)[pri:0, instance:testCases.TC003_LoginDDT@48e92c5c]" started-at="2025-03-10T00:52:10 IST" name="setup" finished-at="2025-03-10T00:52:19 IST" duration-ms="8881" status="PASS">
          <params>
            <param index="0">
              <value>
                <![CDATA[windows]]>
              </value>
            </param>
            <param index="1">
              <value>
                <![CDATA[edge]]>
              </value>
            </param>
          </params>
          <reporter-output>
          </reporter-output>
        </test-method> <!-- setup -->
        <test-method signature="verify_loginDDT(java.lang.String,java.lang.String,java.lang.String)[pri:0, instance:testCases.TC003_LoginDDT@48e92c5c]" started-at="2025-03-10T00:52:20 IST" name="verify_loginDDT" data-provider="LoginData" finished-at="2025-03-10T00:52:24 IST" duration-ms="3895" status="PASS">
          <params>
            <param index="0">
              <value>
                <![CDATA[trisha21@gmail.com]]>
              </value>
            </param>
            <param index="1">
              <value>
                <![CDATA[Trisha@123]]>
              </value>
            </param>
            <param index="2">
              <value>
                <![CDATA[Valid]]>
              </value>
            </param>
          </params>
          <reporter-output>
          </reporter-output>
        </test-method> <!-- verify_loginDDT -->
        <test-method signature="verify_loginDDT(java.lang.String,java.lang.String,java.lang.String)[pri:0, instance:testCases.TC003_LoginDDT@48e92c5c]" started-at="2025-03-10T00:52:24 IST" name="verify_loginDDT" data-provider="LoginData" finished-at="2025-03-10T00:52:35 IST" duration-ms="11879" status="PASS">
          <params>
            <param index="0">
              <value>
                <![CDATA[geree@gmail.com]]>
              </value>
            </param>
            <param index="1">
              <value>
                <![CDATA[tegdte@123]]>
              </value>
            </param>
            <param index="2">
              <value>
                <![CDATA[Invalid]]>
              </value>
            </param>
          </params>
          <reporter-output>
          </reporter-output>
        </test-method> <!-- verify_loginDDT -->
        <test-method signature="verify_loginDDT(java.lang.String,java.lang.String,java.lang.String)[pri:0, instance:testCases.TC003_LoginDDT@48e92c5c]" started-at="2025-03-10T00:52:35 IST" name="verify_loginDDT" data-provider="LoginData" finished-at="2025-03-10T00:52:47 IST" duration-ms="11917" status="PASS">
          <params>
            <param index="0">
              <value>
                <![CDATA[bretdre@Gmail.com]]>
              </value>
            </param>
            <param index="1">
              <value>
                <![CDATA[mmefdte@123]]>
              </value>
            </param>
            <param index="2">
              <value>
                <![CDATA[Invalid]]>
              </value>
            </param>
          </params>
          <reporter-output>
          </reporter-output>
        </test-method> <!-- verify_loginDDT -->
        <test-method is-config="true" signature="tearDown()[pri:0, instance:testCases.TC003_LoginDDT@48e92c5c]" started-at="2025-03-10T00:52:47 IST" name="tearDown" finished-at="2025-03-10T00:52:49 IST" duration-ms="1516" status="PASS">
          <reporter-output>
          </reporter-output>
        </test-method> <!-- tearDown -->
      </class> <!-- testCases.TC003_LoginDDT -->
    </test> <!-- Test -->
  </suite> <!-- Master Suite -->
</testng-results>
